\BOOKMARK [1][-]{section.1}{\376\377\225\356\230\230\221\315\217\360}{}% 1
\BOOKMARK [2][-]{subsection.1.1}{\376\377\200\314\146\157\167\345\213\306}{section.1}% 2
\BOOKMARK [3][-]{subsubsection.1.1.1}{\376\377\137\025\212\000\220\350\122\006}{subsection.1.1}% 3
\BOOKMARK [3][-]{subsubsection.1.1.2}{\376\377\122\250\140\001\214\003\136\246}{subsection.1.1}% 4
\BOOKMARK [3][-]{subsubsection.1.1.3}{\376\377\170\024\172\166\141\017\116\111}{subsection.1.1}% 5
\BOOKMARK [2][-]{subsection.1.2}{\376\377\166\370\121\163\145\160\143\156}{section.1}% 6
\BOOKMARK [2][-]{subsection.1.3}{\376\377\121\167\117\123\116\373\122\241}{section.1}% 7
\BOOKMARK [1][-]{section.2}{\376\377\225\356\230\230\166\204\122\006\147\220}{}% 8
\BOOKMARK [2][-]{subsection.2.1}{\376\377\170\024\172\166\163\260\162\266\176\374\217\360}{section.2}% 9
\BOOKMARK [2][-]{subsection.2.2}{\376\377\133\371\225\356\230\230\166\204\140\073\117\123\122\006\147\220\124\214\211\343\230\230\140\035\215\357}{section.2}% 10
\BOOKMARK [2][-]{subsection.2.3}{\376\377\133\371\121\167\117\123\116\373\122\241\166\204\122\006\147\220\124\214\133\371\173\126}{section.2}% 11
\BOOKMARK [1][-]{section.3}{\376\377\152\041\127\213\166\204\120\107\213\276}{}% 12
\BOOKMARK [1][-]{section.4}{\376\377\124\015\213\315\211\343\221\312\116\016\173\046\123\367\213\364\146\016}{}% 13
\BOOKMARK [2][-]{subsection.4.1}{\376\377\124\015\213\315\211\343\221\312}{section.4}% 14
\BOOKMARK [2][-]{subsection.4.2}{\376\377\173\046\123\367\213\364\146\016}{section.4}% 15
\BOOKMARK [1][-]{section.5}{\376\377\152\041\127\213\166\204\136\372\172\313\116\016\154\102\211\343}{}% 16
\BOOKMARK [2][-]{subsection.5.1}{\376\377\116\000\220\123\135\345\136\217\140\305\121\265\166\204\122\006\147\220\116\016\154\102\211\343}{section.5}% 17
\BOOKMARK [3][-]{subsubsection.5.1.1}{\376\377\133\371\116\373\122\241\166\204\122\006\147\220}{subsection.5.1}% 18
\BOOKMARK [3][-]{subsubsection.5.1.2}{\376\377\133\371\116\373\122\241\166\204\154\102\211\343}{subsection.5.1}% 19
\BOOKMARK [2][-]{subsection.5.2}{\376\377\116\044\220\123\135\345\136\217\140\305\121\265\166\204\122\006\147\220\116\016\154\102\211\343}{section.5}% 20
\BOOKMARK [3][-]{subsubsection.5.2.1}{\376\377\133\371\116\373\122\241\166\204\122\006\147\220}{subsection.5.2}% 21
\BOOKMARK [3][-]{subsubsection.5.2.2}{\376\377\133\371\116\373\122\241\166\204\154\102\211\343}{subsection.5.2}% 22
\BOOKMARK [2][-]{subsection.5.3}{\376\377\200\003\206\121\145\105\226\234\151\202\163\207\116\000\220\123\135\345\136\217\116\016\116\044\220\123\135\345\136\217\140\305\121\265\166\204\122\006\147\220\116\016\154\102\211\343}{section.5}% 23
\BOOKMARK [3][-]{subsubsection.5.3.1}{\376\377\133\371\116\373\122\241\166\204\122\006\147\220}{subsection.5.3}% 24
\BOOKMARK [3][-]{subsubsection.5.3.2}{\376\377\133\371\116\373\122\241\166\204\154\102\211\343}{subsection.5.3}% 25
\BOOKMARK [1][-]{section.6}{\376\377\152\041\127\213\166\204\116\377\167\037}{}% 26
\BOOKMARK [1][-]{section.7}{\376\377\213\357\135\356\122\006\147\220\116\016\160\165\145\117\136\246\122\006\147\220}{}% 27
\BOOKMARK [2][-]{subsection.7.1}{\376\377\213\357\135\356\122\006\147\220}{section.7}% 28
\BOOKMARK [2][-]{subsection.7.2}{\376\377\160\165\145\117\136\246\122\006\147\220}{section.7}% 29
\BOOKMARK [1][-]{section.8}{\376\377\152\041\127\213\166\204\213\304\116\367\116\016\143\250\136\177}{}% 30
\BOOKMARK [2][-]{subsection.8.1}{\376\377\152\041\127\213\166\204\213\304\116\367}{section.8}% 31
\BOOKMARK [3][-]{subsubsection.8.1.1}{\376\377\152\041\127\213\166\204\117\030\160\271}{subsection.8.1}% 32
\BOOKMARK [3][-]{subsubsection.8.1.2}{\376\377\152\041\127\213\166\204\177\072\160\271}{subsection.8.1}% 33
\BOOKMARK [2][-]{subsection.8.2}{\376\377\152\041\127\213\166\204\143\250\136\177}{section.8}% 34
\BOOKMARK [1][-]{section.9}{\376\377\152\041\127\213\166\204\145\071\217\333}{}% 35
\BOOKMARK [1][-]{section.1}{\376\377\000R\000G\000V\122\250\140\001\116\377\167\037\171\072\141\017\126\376}{}% 36
\BOOKMARK [1][-]{section.2}{\376\377\000\040\116\000\220\123\135\345\136\217\000\050\145\340\145\105\226\234\000\051\040\023\000M\000A\000T\000L\000A\000B\000\040\156\220\172\013\136\217}{}% 37
\BOOKMARK [1][-]{section.3}{\376\377\000\040\116\044\220\123\135\345\136\217\000\050\173\054\0001\176\304\145\160\143\156\377\014\145\340\145\105\226\234\000\051\040\023\000M\000A\000T\000L\000A\000B\000\040\156\220\172\013\136\217}{}% 38
\BOOKMARK [1][-]{section.4}{\376\377\000\040\116\044\220\123\135\345\136\217\000\050\173\054\0002\176\304\145\160\143\156\377\014\145\340\145\105\226\234\000\051\040\023\000M\000A\000T\000L\000A\000B\000\040\156\220\172\013\136\217}{}% 39
\BOOKMARK [1][-]{section.5}{\376\377\000\040\116\044\220\123\135\345\136\217\000\050\173\054\0003\176\304\145\160\143\156\377\014\145\340\145\105\226\234\000\051\040\023\000M\000A\000T\000L\000A\000B\000\040\156\220\172\013\136\217}{}% 40
\BOOKMARK [1][-]{section.6}{\376\377\000\040\116\000\220\123\135\345\136\217\000\050\147\011\145\105\226\234\000\051\040\023\000M\000A\000T\000L\000A\000B\000\040\156\220\172\013\136\217}{}% 41
\BOOKMARK [1][-]{section.7}{\376\377\000\040\116\044\220\123\135\345\136\217\000\050\173\054\0001\176\304\145\160\143\156\377\014\147\011\145\105\226\234\000\051\040\023\000M\000A\000T\000L\000A\000B\000\040\156\220\172\013\136\217}{}% 42
\BOOKMARK [1][-]{section.8}{\376\377\000\040\116\044\220\123\135\345\136\217\000\050\173\054\0002\176\304\145\160\143\156\377\014\147\011\145\105\226\234\000\051\040\023\000M\000A\000T\000L\000A\000B\000\040\156\220\172\013\136\217}{}% 43
\BOOKMARK [1][-]{section.9}{\376\377\000\040\116\044\220\123\135\345\136\217\000\050\173\054\0003\176\304\145\160\143\156\377\014\147\011\145\105\226\234\000\051\040\023\000M\000A\000T\000L\000A\000B\000\040\156\220\172\013\136\217}{}% 44
